<?xml version="1.0" encoding="UTF-8"?>
<!-- Generated by org.testng.reporters.JUnitReportReporter -->
<testsuite hostname="DESKTOP-F4K1FN9" failures="0" tests="1" name="TestCases.VerifySignUp" time="16.495" errors="0" timestamp="2023-05-05T21:39:39 IST" skipped="0">
  <testcase classname="TestCases.VerifySignUp" name="signup" time="16.495"/>
  <system-out/>
</testsuite> <!-- TestCases.VerifySignUp -->
